2018-08-15 19:23:32 INFO  Log:22 - Accessories Section has been open successfully
2018-08-15 19:23:32 INFO  Log:22 - checkBuyItem test is starting.
2018-08-15 19:24:41 INFO  Log:22 - Accessories Section has been open successfully
2018-08-15 19:24:41 INFO  Log:22 - checkBuyItem test is starting.
2018-08-15 19:35:12 INFO  Log:22 - Accessories Section has been open successfully
2018-08-15 19:35:12 INFO  Log:22 - checkBuyItem test is starting.
2018-08-15 19:35:36 INFO  Log:22 - Accessories Section has been open successfully
2018-08-15 19:35:36 INFO  Log:22 - checkBuyItem test is starting.
2018-08-15 19:53:39 INFO  Log:22 - Accessories Section has been open successfully
2018-08-15 19:53:39 INFO  Log:22 - checkBuyItem test is starting.
2018-08-15 19:53:47 INFO  Log:22 - Add To Cart button has been clicked successfully
2018-08-15 19:54:04 INFO  Log:22 - Accessories Section has been open successfully
2018-08-15 19:54:04 INFO  Log:22 - checkBuyItem test is starting.
2018-08-15 19:54:09 INFO  Log:22 - Add To Cart button has been clicked successfully
2018-08-15 19:58:05 INFO  Log:22 - Accessories Section has been open successfully
2018-08-15 19:58:05 INFO  Log:22 - checkBuyItem test is starting.
2018-08-15 19:58:33 ERROR Log:32 - Add To Cart button: ElementNotFoundException occurred
2018-08-15 19:59:09 INFO  Log:22 - Accessories Section has been open successfully
2018-08-15 19:59:09 INFO  Log:22 - checkBuyItem test is starting.
2018-08-15 19:59:38 ERROR Log:32 - Add To Cart button: ElementNotFoundException occurred
2018-08-15 20:17:49 INFO  Log:22 - Accessories Section has been open successfully
2018-08-15 20:17:49 INFO  Log:22 - checkBuyItem test is starting.
2018-08-15 20:17:55 INFO  Log:22 - Add To Cart button has been clicked successfully
2018-08-15 20:18:03 INFO  Log:22 - Accessories Section has been open successfully
2018-08-15 20:18:03 INFO  Log:22 - checkBuyItem test is starting.
2018-08-15 20:18:06 INFO  Log:22 - Add To Cart button has been clicked successfully
2018-08-15 20:31:34 INFO  Log:22 - Accessories Section has been open successfully
2018-08-15 20:31:34 INFO  Log:22 - checkBuyItem test is starting.
2018-08-15 20:31:42 INFO  Log:22 - Add To Cart button has been clicked successfully
2018-08-15 20:31:52 INFO  Log:22 - Accessories Section has been open successfully
2018-08-15 20:31:52 INFO  Log:22 - checkBuyItem test is starting.
2018-08-15 20:31:59 INFO  Log:22 - Add To Cart button has been clicked successfully
2018-08-15 20:37:13 INFO  Log:22 - Accessories Section has been open successfully
2018-08-15 20:37:13 INFO  Log:22 - checkBuyItem test is starting.
2018-08-15 20:37:20 INFO  Log:22 - Add To Cart button has been clicked successfully
2018-08-15 20:37:35 INFO  Log:22 - Accessories Section has been open successfully
2018-08-15 20:37:35 INFO  Log:22 - checkBuyItem test is starting.
2018-08-15 20:37:45 INFO  Log:22 - Add To Cart button has been clicked successfully
2018-08-15 20:41:12 INFO  Log:22 - Accessories Section has been open successfully
2018-08-15 20:41:12 INFO  Log:22 - checkBuyItem test is starting.
2018-08-15 20:41:16 INFO  Log:22 - Add To Cart button has been clicked successfully
2018-08-15 20:41:20 INFO  Log:22 - Accessories Section has been open successfully
2018-08-15 20:41:20 INFO  Log:22 - checkBuyItem test is starting.
2018-08-15 20:41:23 INFO  Log:22 - Add To Cart button has been clicked successfully
2018-08-15 20:50:10 INFO  Log:22 - Accessories Section has been open successfully
2018-08-15 20:50:10 INFO  Log:22 - checkBuyItem test is starting.
2018-08-15 20:50:19 INFO  Log:22 - Add To Cart button has been clicked successfully
2018-08-15 21:05:17 INFO  Log:22 - Accessories Section has been open successfully
2018-08-15 21:05:17 INFO  Log:22 - checkBuyItem test is starting.
2018-08-15 21:05:20 INFO  Log:22 - Add To Cart button has been clicked successfully
2018-08-15 21:05:21 INFO  Log:22 - Continue button has been clicked successfully
2018-08-15 21:29:05 INFO  Log:22 - Accessories Section has been open successfully
2018-08-15 21:29:05 INFO  Log:22 - checkBuyItem test is starting.
2018-08-15 21:29:12 INFO  Log:22 - Add To Cart button has been clicked successfully
2018-08-15 21:29:12 INFO  Log:22 - Continue button has been clicked successfully
2018-08-15 21:29:15 INFO  Log:22 - Contacts/Billing data filled up successfully
